<?xml version="1.0" encoding="UTF-8"?>
<!-- Generated by org.testng.reporters.JUnitReportReporter -->
<testsuite skipped="0" hostname="MUNTASIR-BOCTC10" name="com.payse.tcase.TC_Statement_002" tests="1" failures="0" timestamp="2020-10-07T19:25:44 BDT" time="7.775" errors="0">
  <testcase name="PyBankStatement" time="7.775" classname="com.payse.tcase.TC_Statement_002"/>
  <system-out/>
</testsuite> <!-- com.payse.tcase.TC_Statement_002 -->
