<?xml version="1.0" encoding="UTF-8"?>
<!-- Generated by org.testng.reporters.JUnitReportReporter -->
<testsuite skipped="0" hostname="MUNTASIR-BOCTC10" name="com.busbd.tcase.TC_BuyTicket_002" tests="1" failures="0" timestamp="2020-10-01T12:27:33 BDT" time="46.261" errors="0">
  <testcase name="buyTicket" time="46.261" classname="com.busbd.tcase.TC_BuyTicket_002"/>
  <system-out/>
</testsuite> <!-- com.busbd.tcase.TC_BuyTicket_002 -->
