<?xml version="1.0" encoding="UTF-8"?>
<!-- Generated by org.testng.reporters.JUnitReportReporter -->
<testsuite skipped="0" hostname="MUNTASIR-BOCTC10" name="com.payse.tcase.TC_Statement_001" tests="1" failures="0" timestamp="2020-10-07T18:44:01 BDT" time="20.317" errors="0">
  <testcase name="PyBankStatement" time="20.317" classname="com.payse.tcase.TC_Statement_001"/>
  <system-out/>
</testsuite> <!-- com.payse.tcase.TC_Statement_001 -->
