<?xml version="1.0" encoding="UTF-8"?>
<!-- Generated by org.testng.reporters.JUnitReportReporter -->
<testsuite skipped="0" hostname="MUNTASIR-BOCTC10" name="com.payse.tcase.TC_Statement_002" tests="1" failures="0" timestamp="2020-10-08T10:54:14 BDT" time="6.890" errors="0">
  <testcase name="PyBankStatement" time="6.890" classname="com.payse.tcase.TC_Statement_002"/>
  <system-out/>
</testsuite> <!-- com.payse.tcase.TC_Statement_002 -->
